Elapsed: 00:00:04.91

Execution Plan
----------------------------------------------------------
Plan hash value: 1773397105

-------------------------------------------------------------------------------
| Id  | Operation          | Name     | Rows  | Bytes | Cost (%CPU)| Time     |
-------------------------------------------------------------------------------
|   0 | SELECT STATEMENT   |          |     5 |   100 | 29817   (1)| 00:00:02 |
|   1 |  HASH GROUP BY     |          |     5 |   100 | 29817   (1)| 00:00:02 |
|*  2 |   TABLE ACCESS FULL| LINEITEM |  5789K|   110M| 29654   (1)| 00:00:02 |
-------------------------------------------------------------------------------

Predicate Information (identified by operation id):
---------------------------------------------------

   2 - filter("L_SHIPDATE"<=TO_DATE(' 1998-09-02 00:00:00',
              'syyyy-mm-dd hh24:mi:ss'))


Statistics
----------------------------------------------------------
          0  recursive calls
          0  db block gets
     108633  consistent gets
     108626  physical reads
          0  redo size
       1694  bytes sent via SQL*Net to client
        552  bytes received via SQL*Net from client
          2  SQL*Net roundtrips to/from client
          0  sorts (memory)
          0  sorts (disk)
          4  rows processed

Elapsed: 00:00:04.86

Execution Plan
----------------------------------------------------------
Plan hash value: 1773397105

-------------------------------------------------------------------------------
| Id  | Operation          | Name     | Rows  | Bytes | Cost (%CPU)| Time     |
-------------------------------------------------------------------------------
|   0 | SELECT STATEMENT   |          |     5 |   100 | 29817   (1)| 00:00:02 |
|   1 |  HASH GROUP BY     |          |     5 |   100 | 29817   (1)| 00:00:02 |
|*  2 |   TABLE ACCESS FULL| LINEITEM |  5789K|   110M| 29654   (1)| 00:00:02 |
-------------------------------------------------------------------------------

Predicate Information (identified by operation id):
---------------------------------------------------

   2 - filter("L_SHIPDATE"<=TO_DATE(' 1998-09-02 00:00:00',
              'syyyy-mm-dd hh24:mi:ss'))


Statistics
----------------------------------------------------------
          0  recursive calls
          0  db block gets
     108633  consistent gets
     108626  physical reads
          0  redo size
       1694  bytes sent via SQL*Net to client
        552  bytes received via SQL*Net from client
          2  SQL*Net roundtrips to/from client
          0  sorts (memory)
          0  sorts (disk)
          4  rows processed

Elapsed: 00:00:04.57

Execution Plan
----------------------------------------------------------
Plan hash value: 1773397105

-------------------------------------------------------------------------------
| Id  | Operation          | Name     | Rows  | Bytes | Cost (%CPU)| Time     |
-------------------------------------------------------------------------------
|   0 | SELECT STATEMENT   |          |     5 |   100 | 29817   (1)| 00:00:02 |
|   1 |  HASH GROUP BY     |          |     5 |   100 | 29817   (1)| 00:00:02 |
|*  2 |   TABLE ACCESS FULL| LINEITEM |  5789K|   110M| 29654   (1)| 00:00:02 |
-------------------------------------------------------------------------------

Predicate Information (identified by operation id):
---------------------------------------------------

   2 - filter("L_SHIPDATE"<=TO_DATE(' 1998-09-02 00:00:00',
              'syyyy-mm-dd hh24:mi:ss'))


Statistics
----------------------------------------------------------
          0  recursive calls
          0  db block gets
     108633  consistent gets
     108626  physical reads
          0  redo size
       1694  bytes sent via SQL*Net to client
        552  bytes received via SQL*Net from client
          2  SQL*Net roundtrips to/from client
          0  sorts (memory)
          0  sorts (disk)
          4  rows processed

Elapsed: 00:00:04.57

Execution Plan
----------------------------------------------------------
Plan hash value: 1773397105

-------------------------------------------------------------------------------
| Id  | Operation          | Name     | Rows  | Bytes | Cost (%CPU)| Time     |
-------------------------------------------------------------------------------
|   0 | SELECT STATEMENT   |          |     5 |   100 | 29817   (1)| 00:00:02 |
|   1 |  HASH GROUP BY     |          |     5 |   100 | 29817   (1)| 00:00:02 |
|*  2 |   TABLE ACCESS FULL| LINEITEM |  5789K|   110M| 29654   (1)| 00:00:02 |
-------------------------------------------------------------------------------

Predicate Information (identified by operation id):
---------------------------------------------------

   2 - filter("L_SHIPDATE"<=TO_DATE(' 1998-09-02 00:00:00',
              'syyyy-mm-dd hh24:mi:ss'))


Statistics
----------------------------------------------------------
          0  recursive calls
          0  db block gets
     108633  consistent gets
     108626  physical reads
          0  redo size
       1694  bytes sent via SQL*Net to client
        552  bytes received via SQL*Net from client
          2  SQL*Net roundtrips to/from client
          0  sorts (memory)
          0  sorts (disk)
          4  rows processed

Elapsed: 00:00:05.02

Execution Plan
----------------------------------------------------------
Plan hash value: 1773397105

-------------------------------------------------------------------------------
| Id  | Operation          | Name     | Rows  | Bytes | Cost (%CPU)| Time     |
-------------------------------------------------------------------------------
|   0 | SELECT STATEMENT   |          |     5 |   100 | 29817   (1)| 00:00:02 |
|   1 |  HASH GROUP BY     |          |     5 |   100 | 29817   (1)| 00:00:02 |
|*  2 |   TABLE ACCESS FULL| LINEITEM |  5789K|   110M| 29654   (1)| 00:00:02 |
-------------------------------------------------------------------------------

Predicate Information (identified by operation id):
---------------------------------------------------

   2 - filter("L_SHIPDATE"<=TO_DATE(' 1998-09-02 00:00:00',
              'syyyy-mm-dd hh24:mi:ss'))


Statistics
----------------------------------------------------------
          0  recursive calls
          0  db block gets
     108633  consistent gets
     108626  physical reads
          0  redo size
       1694  bytes sent via SQL*Net to client
        552  bytes received via SQL*Net from client
          2  SQL*Net roundtrips to/from client
          0  sorts (memory)
          0  sorts (disk)
          4  rows processed
